a:\betterprntscreen\bps\build-int\localdebug\vc141.pdb
a:\betterprntscreen\bps\build-int\localdebug\vc141.idb
a:\betterprntscreen\bps\build-int\localdebug\utilities.obj
a:\betterprntscreen\bps\build-int\localdebug\network.obj
a:\betterprntscreen\bps\build-int\localdebug\logger.obj
a:\betterprntscreen\bps\build-int\localdebug\bpswindows.obj
a:\betterprntscreen\bps\build-int\localdebug\application.obj
a:\betterprntscreen\bps\build-int\localdebug\window.obj
a:\betterprntscreen\bps\build-int\localdebug\bpswindowsnotifyicon.obj
a:\betterprntscreen\bps\build-int\localdebug\betterprntscreen.tlog\betterprntscreen.write.1u.tlog
a:\betterprntscreen\bps\build-int\localdebug\betterprntscreen.tlog\cl.command.1.tlog
a:\betterprntscreen\bps\build-int\localdebug\betterprntscreen.tlog\cl.read.1.tlog
a:\betterprntscreen\bps\build-int\localdebug\betterprntscreen.tlog\cl.write.1.tlog
a:\betterprntscreen\bps\build-int\localdebug\betterprntscreen.tlog\link.17560-cvtres.read.1.tlog
a:\betterprntscreen\bps\build-int\localdebug\betterprntscreen.tlog\link.17560-cvtres.write.1.tlog
a:\betterprntscreen\bps\build-int\localdebug\betterprntscreen.tlog\link.17560-rc.read.1.tlog
a:\betterprntscreen\bps\build-int\localdebug\betterprntscreen.tlog\link.17560-rc.write.1.tlog
a:\betterprntscreen\bps\build-int\localdebug\betterprntscreen.tlog\link.17560.read.1.tlog
a:\betterprntscreen\bps\build-int\localdebug\betterprntscreen.tlog\link.17560.write.1.tlog
a:\betterprntscreen\bps\build-int\localdebug\betterprntscreen.tlog\link.command.1.tlog
a:\betterprntscreen\bps\build-int\localdebug\betterprntscreen.tlog\link.read.1.tlog
a:\betterprntscreen\bps\build-int\localdebug\betterprntscreen.tlog\link.write.1.tlog
